<?xml version="1.0" encoding="UTF-8"?>
<TestRun id="45a6a680-b46f-4ffb-9dd4-240a844a452e" name="apiza@GSP-WKS-405 2011-07-21 15:06:47" runUser="GRADUAL\apiza" xmlns="http://microsoft.com/schemas/VisualStudio/TeamTest/2010">
  <TestSettings name="Local" id="10431f1f-07db-4bfa-b952-cb14869f3b69">
    <Description>These are default test settings for a local test run.</Description>
    <Deployment enabled="false" runDeploymentRoot="apiza_GSP-WKS-405 2011-07-21 15_06_47">
      <DeploymentItem filename="C:\aponso\desenv\Gradual.OMS-II\Gradual.OMS.References\Gradual.OMS.Library.dll" />
      <DeploymentItem filename="C:\aponso\desenv\Gradual.OMS-II\Gradual.OMS.References\log4net.dll" />
      <DeploymentItem filename="C:\aponso\desenv\Gradual.OMS-II\Gradual.OMS.TesouroDireto\Gradual.OMS.TesouroDireto\bin\Debug\Gradual.OMS.TesouroDireto.dll" />
      <DeploymentItem filename="C:\aponso\desenv\Gradual.OMS-II\Gradual.OMS.TesouroDireto\Gradual.OMS.TesouroDireto.Lib\bin\Debug\Gradual.OMS.TesouroDireto.Lib.dll" />
    </Deployment>
    <Execution>
      <TestTypeSpecific />
      <AgentRule name="Execution Agents">
      </AgentRule>
    </Execution>
  </TestSettings>
  <Times creation="2011-07-21T15:06:47.3906880-03:00" queuing="2011-07-21T15:06:48.3906944-03:00" start="2011-07-21T15:06:48.5313203-03:00" finish="2011-07-21T15:07:59.7036508-03:00" />
  <ResultSummary outcome="Error">
    <Counters total="1" executed="1" error="0" failed="0" timeout="0" aborted="1" inconclusive="0" passedButRunAborted="0" notRunnable="0" notExecuted="0" disconnected="0" warning="0" passed="0" completed="0" inProgress="0" pending="0" />
    <RunInfos>
      <RunInfo computerName="GSP-WKS-405" outcome="Error" timestamp="2011-07-21T15:07:59.6880257-03:00">
        <Text>Test host process exited unexpectedly.</Text>
      </RunInfo>
    </RunInfos>
  </ResultSummary>
  <TestDefinitions>
    <UnitTest name="TestMethod1" storage="c:\aponso\desenv\gradual.oms-ii\gradual.oms.tesourodireto\gradual.oms.tesourodireto.teste\bin\debug\gradual.oms.tesourodireto.teste.dll" id="af043fda-1dff-7854-d14a-ac899a782cc3">
      <Execution id="ea96e2d6-7855-4424-8d35-64a3d25b1895" />
      <TestMethod codeBase="C:/aponso/desenv/Gradual.OMS-II/Gradual.OMS.TesouroDireto/Gradual.OMS.TesouroDireto.Teste/bin/Debug/Gradual.OMS.TesouroDireto.Teste.DLL" adapterTypeName="Microsoft.VisualStudio.TestTools.TestTypes.Unit.UnitTestAdapter, Microsoft.VisualStudio.QualityTools.Tips.UnitTest.Adapter, Version=10.0.0.0, Culture=neutral, PublicKeyToken=b03f5f7f11d50a3a" className="Gradual.OMS.TesouroDireto.Teste.UnitTest1, Gradual.OMS.TesouroDireto.Teste, Version=1.0.0.0, Culture=neutral, PublicKeyToken=null" name="TestMethod1" />
    </UnitTest>
  </TestDefinitions>
  <TestLists>
    <TestList name="Results Not in a List" id="8c84fa94-04c1-424b-9868-57a2d4851a1d" />
    <TestList name="All Loaded Results" id="19431567-8539-422a-85d7-44ee4e166bda" />
  </TestLists>
  <TestEntries>
    <TestEntry testId="af043fda-1dff-7854-d14a-ac899a782cc3" executionId="ea96e2d6-7855-4424-8d35-64a3d25b1895" testListId="8c84fa94-04c1-424b-9868-57a2d4851a1d" />
  </TestEntries>
  <Results>
    <UnitTestResult executionId="ea96e2d6-7855-4424-8d35-64a3d25b1895" testId="af043fda-1dff-7854-d14a-ac899a782cc3" testName="TestMethod1" computerName="GSP-WKS-405" duration="00:01:11.0160795" startTime="2011-07-21T15:06:48.6875713-03:00" endTime="2011-07-21T15:07:59.7036508-03:00" testType="13cdc9d9-ddb5-4fa4-a97d-d965ccfc6d4b" outcome="Aborted" testListId="8c84fa94-04c1-424b-9868-57a2d4851a1d" relativeResultsDirectory="ea96e2d6-7855-4424-8d35-64a3d25b1895">
    </UnitTestResult>
  </Results>
</TestRun>