<?xml version="1.0" encoding="UTF-8"?>
<TestRun id="385deebc-1c5b-4604-94ba-2911458b53a7" name="arosario@GSP-WKS-562 2011-05-26 15:56:31" runUser="GRADUAL\arosario" xmlns="http://microsoft.com/schemas/VisualStudio/TeamTest/2010">
  <TestSettings name="Local" id="aa3cae84-6966-4daa-82a0-69c5bdd31573">
    <Description>These are default test settings for a local test run.</Description>
    <Deployment enabled="false" runDeploymentRoot="arosario_GSP-WKS-562 2011-05-26 15_56_31">
      <DeploymentItem filename="C:\Dev\Gradual\Gradual.Etc\Gradual.Servico.FichaCadastral\Referencias\Gradual.Intranet.Contratos.dll" />
      <DeploymentItem filename="C:\Dev\Gradual\Gradual.Etc\Gradual.Servico.FichaCadastral\Gradual.Servico.FichaCadastral\bin\Debug\Gradual.Servico.FichaCadastral.dll" />
      <DeploymentItem filename="C:\Dev\Gradual\Gradual.Etc\Gradual.Servico.FichaCadastral\Referencias\Gradual.OMS.Persistencia.dll" />
      <DeploymentItem filename="C:\Dev\Gradual\Gradual.Etc\Gradual.Servico.FichaCadastral\Gradual.Servico.FichaCadastral.Lib\bin\Debug\Gradual.Servico.FichaCadastral.Lib.dll" />
      <DeploymentItem filename="C:\Dev\Gradual\Gradual.Etc\Gradual.Servico.FichaCadastral\Referencias\Gradual.OMS.Library.dll" />
    </Deployment>
    <Execution>
      <TestTypeSpecific />
      <AgentRule name="Execution Agents">
      </AgentRule>
    </Execution>
  </TestSettings>
  <Times creation="2011-05-26T15:56:31.5414401-03:00" queuing="2011-05-26T15:56:32.3851901-03:00" start="2011-05-26T15:56:32.5101901-03:00" finish="2011-05-26T15:59:39.1820651-03:00" />
  <ResultSummary outcome="Error">
    <Counters total="1" executed="1" error="0" failed="0" timeout="0" aborted="1" inconclusive="0" passedButRunAborted="0" notRunnable="0" notExecuted="0" disconnected="0" warning="0" passed="0" completed="0" inProgress="0" pending="0" />
    <RunInfos>
      <RunInfo computerName="GSP-WKS-562" outcome="Error" timestamp="2011-05-26T15:59:39.1664401-03:00">
        <Text>Test host process exited unexpectedly.</Text>
      </RunInfo>
    </RunInfos>
  </ResultSummary>
  <TestDefinitions>
    <UnitTest name="TestMethod1" storage="c:\dev\gradual\gradual.etc\gradual.servico.fichacadastral\gradual.servico.fichacadastral.teste\bin\debug\gradual.servico.fichacadastral.teste.dll" id="164293a9-3998-c584-fa21-74fe174dc2df">
      <Execution id="0133e3b7-9c2e-4451-a2d0-81d32cbc6261" />
      <TestMethod codeBase="C:/Dev/Gradual/Gradual.Etc/Gradual.Servico.FichaCadastral/Gradual.Servico.FichaCadastral.Teste/bin/Debug/Gradual.Servico.FichaCadastral.Teste.DLL" adapterTypeName="Microsoft.VisualStudio.TestTools.TestTypes.Unit.UnitTestAdapter, Microsoft.VisualStudio.QualityTools.Tips.UnitTest.Adapter, Version=10.0.0.0, Culture=neutral, PublicKeyToken=b03f5f7f11d50a3a" className="Gradual.Servico.FichaCadastral.Teste.UnitTest1, Gradual.Servico.FichaCadastral.Teste, Version=1.0.0.0, Culture=neutral, PublicKeyToken=null" name="TestMethod1" />
    </UnitTest>
  </TestDefinitions>
  <TestLists>
    <TestList name="Results Not in a List" id="8c84fa94-04c1-424b-9868-57a2d4851a1d" />
    <TestList name="All Loaded Results" id="19431567-8539-422a-85d7-44ee4e166bda" />
  </TestLists>
  <TestEntries>
    <TestEntry testId="164293a9-3998-c584-fa21-74fe174dc2df" executionId="0133e3b7-9c2e-4451-a2d0-81d32cbc6261" testListId="8c84fa94-04c1-424b-9868-57a2d4851a1d" />
  </TestEntries>
  <Results>
    <UnitTestResult executionId="0133e3b7-9c2e-4451-a2d0-81d32cbc6261" testId="164293a9-3998-c584-fa21-74fe174dc2df" testName="TestMethod1" computerName="GSP-WKS-562" duration="00:03:06.5468750" startTime="2011-05-26T15:56:32.6351901-03:00" endTime="2011-05-26T15:59:39.1820651-03:00" testType="13cdc9d9-ddb5-4fa4-a97d-d965ccfc6d4b" outcome="Aborted" testListId="8c84fa94-04c1-424b-9868-57a2d4851a1d" relativeResultsDirectory="0133e3b7-9c2e-4451-a2d0-81d32cbc6261">
    </UnitTestResult>
  </Results>
</TestRun>